{
  "Cucumber Features": {
    "coverage": {
      "/home/ubuntu/workspace/Group5/sportsmeetup/app/models/game.rb": [
        1,
        null,
        null
      ],
      "/home/ubuntu/workspace/Group5/sportsmeetup/app/controllers/games_controller.rb": [
        1,
        1,
        16,
        null,
        1,
        23,
        null,
        1,
        6,
        null,
        null,
        1,
        5,
        null,
        null,
        1,
        10,
        null,
        null,
        1,
        null,
        2,
        null,
        null,
        null,
        null,
        null,
        1,
        3,
        null,
        1,
        6,
        6,
        null,
        2,
        1,
        1,
        1,
        1,
        1,
        1,
        1,
        1,
        1,
        null,
        0,
        null,
        null,
        0,
        null,
        null,
        1,
        1,
        1,
        1,
        1,
        1,
        1,
        1,
        null,
        0,
        null,
        null,
        2,
        2,
        null,
        4,
        1,
        1,
        1,
        1,
        0,
        null,
        1,
        3,
        3,
        3,
        2,
        2,
        2,
        null,
        1,
        1,
        null,
        null,
        null,
        null,
        null,
        null,
        1,
        6,
        6,
        6,
        6,
        null,
        1,
        1,
        1,
        0,
        null,
        1,
        1,
        1,
        null,
        1,
        0,
        0,
        null,
        0,
        0,
        null,
        0,
        null,
        null,
        null,
        null
      ],
      "/home/ubuntu/workspace/Group5/sportsmeetup/app/controllers/application_controller.rb": [
        1,
        null,
        null,
        1,
        null
      ],
      "/home/ubuntu/workspace/Group5/sportsmeetup/app/helpers/games_helper.rb": [
        1,
        null
      ],
      "/home/ubuntu/workspace/Group5/sportsmeetup/app/helpers/names_helper.rb": [
        1,
        null
      ],
      "/home/ubuntu/workspace/Group5/sportsmeetup/app/helpers/sports_helper.rb": [
        1,
        null
      ],
      "/home/ubuntu/workspace/Group5/sportsmeetup/app/helpers/users_helper.rb": [
        1,
        null
      ],
      "/home/ubuntu/workspace/Group5/sportsmeetup/app/controllers/sports_controller.rb": [
        1,
        1,
        7,
        7,
        0,
        0,
        0,
        null,
        null,
        null,
        1,
        null,
        null,
        null
      ],
      "/home/ubuntu/workspace/Group5/sportsmeetup/app/models/user.rb": [
        1,
        null,
        1,
        1,
        1,
        1,
        null,
        1,
        null,
        1,
        null,
        1,
        1,
        null,
        null,
        null,
        1,
        null,
        1,
        0,
        null
      ],
      "/home/ubuntu/workspace/Group5/sportsmeetup/app/mailers/notifier.rb": [
        1,
        1,
        null,
        1,
        2,
        2,
        null,
        1,
        0,
        0,
        null,
        1,
        0,
        0,
        null,
        null
      ],
      "/home/ubuntu/workspace/Group5/sportsmeetup/app/mailers/application_mailer.rb": [
        1,
        1,
        1,
        null
      ],
      "/home/ubuntu/workspace/Group5/sportsmeetup/app/controllers/users_controller.rb": [
        0,
        0,
        0,
        0
      ],
      "/home/ubuntu/workspace/Group5/sportsmeetup/app/models/league.rb": [
        0,
        0
      ],
      "/home/ubuntu/workspace/Group5/sportsmeetup/app/mailers/game_mailer.rb": [
        0,
        0,
        0,
        0,
        0,
        0,
        0,
        0
      ],
      "/home/ubuntu/workspace/Group5/sportsmeetup/app/mailers/user_mailer.rb": [
        0,
        0,
        0,
        0,
        0,
        0,
        0,
        0
      ]
    },
    "timestamp": 1492329034
  },
  "RSpec": {
    "coverage": {
      "/home/ubuntu/workspace/Group5/sportsmeetup/app/helpers/games_helper.rb": [
        1,
        null
      ],
      "/home/ubuntu/workspace/Group5/sportsmeetup/app/helpers/names_helper.rb": [
        1,
        null
      ],
      "/home/ubuntu/workspace/Group5/sportsmeetup/app/helpers/sports_helper.rb": [
        1,
        null
      ],
      "/home/ubuntu/workspace/Group5/sportsmeetup/app/helpers/users_helper.rb": [
        1,
        null
      ],
      "/home/ubuntu/workspace/Group5/sportsmeetup/app/controllers/games_controller.rb": [
        1,
        1,
        6,
        null,
        1,
        3,
        null,
        1,
        0,
        null,
        null,
        1,
        2,
        null,
        null,
        1,
        1,
        null,
        null,
        1,
        null,
        0,
        null,
        null,
        null,
        null,
        null,
        1,
        0,
        null,
        1,
        7,
        7,
        null,
        2,
        0,
        0,
        0,
        0,
        0,
        0,
        0,
        0,
        0,
        null,
        0,
        null,
        null,
        0,
        null,
        null,
        2,
        1,
        1,
        1,
        1,
        0,
        0,
        0,
        null,
        0,
        null,
        null,
        0,
        0,
        null,
        5,
        1,
        1,
        1,
        1,
        0,
        null,
        1,
        4,
        2,
        2,
        2,
        2,
        2,
        null,
        0,
        0,
        null,
        null,
        null,
        null,
        null,
        null,
        1,
        1,
        1,
        1,
        1,
        null,
        1,
        1,
        1,
        0,
        null,
        1,
        1,
        1,
        null,
        null
      ],
      "/home/ubuntu/workspace/Group5/sportsmeetup/app/controllers/application_controller.rb": [
        1,
        null,
        null,
        1,
        null
      ],
      "/home/ubuntu/workspace/Group5/sportsmeetup/app/controllers/sports_controller.rb": [
        1,
        1,
        1,
        1,
        0,
        0,
        0,
        null,
        null,
        null,
        1,
        null,
        null,
        null
      ],
      "/home/ubuntu/workspace/Group5/sportsmeetup/app/controllers/users_controller.rb": [
        1,
        1,
        null,
        null
      ],
      "/home/ubuntu/workspace/Group5/sportsmeetup/app/mailers/game_mailer.rb": [
        1,
        1,
        1,
        1,
        0,
        null,
        null,
        null
      ],
      "/home/ubuntu/workspace/Group5/sportsmeetup/app/mailers/notifier.rb": [
        1,
        1,
        null,
        1,
        0,
        0,
        null,
        1,
        0,
        0,
        null,
        1,
        0,
        0,
        null,
        null
      ],
      "/home/ubuntu/workspace/Group5/sportsmeetup/app/mailers/application_mailer.rb": [
        1,
        1,
        1,
        null
      ],
      "/home/ubuntu/workspace/Group5/sportsmeetup/app/models/game.rb": [
        1,
        null,
        null
      ],
      "/home/ubuntu/workspace/Group5/sportsmeetup/app/models/user.rb": [
        1,
        null,
        1,
        1,
        1,
        1,
        null,
        1,
        null,
        1,
        null,
        1,
        1,
        null,
        null,
        null,
        1,
        null,
        1,
        0,
        null
      ]
    },
    "timestamp": 1492394178
  }
}
